0 info it worked if it ends with ok
1 verbose cli [ '/home/edgars/.nvm/versions/node/v6.10.2/bin/node',
1 verbose cli   '/home/edgars/.nvm/versions/node/v6.10.2/bin/npm',
1 verbose cli   'start' ]
2 info using npm@3.10.10
3 info using node@v6.10.2
4 verbose run-script [ 'prestart', 'start', 'poststart' ]
5 info lifecycle baltijas_autoserviss@1.0.0~prestart: baltijas_autoserviss@1.0.0
6 silly lifecycle baltijas_autoserviss@1.0.0~prestart: no script for prestart, continuing
7 info lifecycle baltijas_autoserviss@1.0.0~start: baltijas_autoserviss@1.0.0
8 verbose lifecycle baltijas_autoserviss@1.0.0~start: unsafe-perm in lifecycle true
9 verbose lifecycle baltijas_autoserviss@1.0.0~start: PATH: /home/edgars/.nvm/versions/node/v6.10.2/lib/node_modules/npm/bin/node-gyp-bin:/home/edgars/hub/baltijas_autoserviss/node_modules/.bin:/home/edgars/.nvm/versions/node/v6.10.2/bin:/home/edgars/bin:/home/edgars/.local/bin:/usr/local/sbin:/usr/local/bin:/usr/sbin:/usr/bin:/sbin:/bin:/usr/games:/usr/local/games:/snap/bin
10 verbose lifecycle baltijas_autoserviss@1.0.0~start: CWD: /home/edgars/hub/baltijas_autoserviss
11 silly lifecycle baltijas_autoserviss@1.0.0~start: Args: [ '-c', 'gulp server' ]
12 silly lifecycle baltijas_autoserviss@1.0.0~start: Returned: code: 1  signal: null
13 info lifecycle baltijas_autoserviss@1.0.0~start: Failed to exec start script
14 verbose stack Error: baltijas_autoserviss@1.0.0 start: `gulp server`
14 verbose stack Exit status 1
14 verbose stack     at EventEmitter.<anonymous> (/home/edgars/.nvm/versions/node/v6.10.2/lib/node_modules/npm/lib/utils/lifecycle.js:255:16)
14 verbose stack     at emitTwo (events.js:106:13)
14 verbose stack     at EventEmitter.emit (events.js:191:7)
14 verbose stack     at ChildProcess.<anonymous> (/home/edgars/.nvm/versions/node/v6.10.2/lib/node_modules/npm/lib/utils/spawn.js:40:14)
14 verbose stack     at emitTwo (events.js:106:13)
14 verbose stack     at ChildProcess.emit (events.js:191:7)
14 verbose stack     at maybeClose (internal/child_process.js:886:16)
14 verbose stack     at Process.ChildProcess._handle.onexit (internal/child_process.js:226:5)
15 verbose pkgid baltijas_autoserviss@1.0.0
16 verbose cwd /home/edgars/hub/baltijas_autoserviss
17 error Linux 4.8.0-52-generic
18 error argv "/home/edgars/.nvm/versions/node/v6.10.2/bin/node" "/home/edgars/.nvm/versions/node/v6.10.2/bin/npm" "start"
19 error node v6.10.2
20 error npm  v3.10.10
21 error code ELIFECYCLE
22 error baltijas_autoserviss@1.0.0 start: `gulp server`
22 error Exit status 1
23 error Failed at the baltijas_autoserviss@1.0.0 start script 'gulp server'.
23 error Make sure you have the latest version of node.js and npm installed.
23 error If you do, this is most likely a problem with the baltijas_autoserviss package,
23 error not with npm itself.
23 error Tell the author that this fails on your system:
23 error     gulp server
23 error You can get information on how to open an issue for this project with:
23 error     npm bugs baltijas_autoserviss
23 error Or if that isn't available, you can get their info via:
23 error     npm owner ls baltijas_autoserviss
23 error There is likely additional logging output above.
24 verbose exit [ 1, true ]
